2018-12-07 18:23:43 DEBUG logging:38 - Logging Provider: org.jboss.logging.Log4jLoggerProvider
2018-12-07 18:23:43 INFO  LogHelper:31 - HHH000204: Processing PersistenceUnitInfo [
	name: hibernate-dynamic
	...]
2018-12-07 18:23:43 INFO  Version:37 - HHH000412: Hibernate Core {5.2.0.Final}
2018-12-07 18:23:43 INFO  Environment:213 - HHH000206: hibernate.properties not found
2018-12-07 18:23:43 INFO  Environment:318 - HHH000021: Bytecode provider name : javassist
2018-12-07 18:23:43 INFO  Version:66 - HCANN000001: Hibernate Commons Annotations {5.0.1.Final}
2018-12-07 18:23:43 WARN  connections:71 - HHH10001002: Using Hibernate built-in connection pool (not for production use!)
2018-12-07 18:23:43 INFO  connections:127 - HHH10001005: using driver [org.postgresql.Driver] at URL [jdbc:postgresql://localhost:5432/db]
2018-12-07 18:23:43 INFO  connections:136 - HHH10001001: Connection properties: {password=****, user=databaseuser}
2018-12-07 18:23:43 INFO  connections:141 - HHH10001003: Autocommit mode: false
2018-12-07 18:23:43 INFO  DriverManagerConnectionProviderImpl:39 - HHH000115: Hibernate connection pool size: 20 (min=1)
2018-12-07 18:23:43 INFO  Dialect:152 - HHH000400: Using dialect: org.hibernate.dialect.PostgreSQLDialect
2018-12-07 18:23:44 INFO  LobCreatorBuilderImpl:124 - HHH000424: Disabling contextual LOB creation as createClob() method threw error : java.lang.reflect.InvocationTargetException
2018-12-07 18:23:44 INFO  BasicTypeRegistry:147 - HHH000270: Type registration [java.util.UUID] overrides previous : org.hibernate.type.UUIDBinaryType@553f1d75
2018-12-07 18:23:45 INFO  Version:17 - HV000001: Hibernate Validator 5.2.0.Final
2018-12-07 18:23:45 INFO  InformationExtractorJdbcDatabaseMetaDataImpl:393 - HHH000262: Table not found: speaker
2018-12-09 12:54:42 DEBUG logging:38 - Logging Provider: org.jboss.logging.Log4jLoggerProvider
2018-12-09 12:54:43 INFO  LogHelper:31 - HHH000204: Processing PersistenceUnitInfo [
	name: hibernate-dynamic
	...]
2018-12-09 12:54:43 INFO  Version:37 - HHH000412: Hibernate Core {5.2.0.Final}
2018-12-09 12:54:43 INFO  Environment:213 - HHH000206: hibernate.properties not found
2018-12-09 12:54:43 INFO  Environment:318 - HHH000021: Bytecode provider name : javassist
2018-12-09 12:54:43 INFO  Version:66 - HCANN000001: Hibernate Commons Annotations {5.0.1.Final}
2018-12-09 12:54:43 WARN  connections:71 - HHH10001002: Using Hibernate built-in connection pool (not for production use!)
2018-12-09 12:54:43 INFO  connections:127 - HHH10001005: using driver [org.postgresql.Driver] at URL [jdbc:postgresql://localhost:5432/db]
2018-12-09 12:54:43 INFO  connections:136 - HHH10001001: Connection properties: {password=****, user=databaseuser}
2018-12-09 12:54:43 INFO  connections:141 - HHH10001003: Autocommit mode: false
2018-12-09 12:54:43 INFO  DriverManagerConnectionProviderImpl:39 - HHH000115: Hibernate connection pool size: 20 (min=1)
2018-12-09 12:54:44 INFO  Dialect:152 - HHH000400: Using dialect: org.hibernate.dialect.PostgreSQLDialect
2018-12-09 12:54:44 INFO  LobCreatorBuilderImpl:124 - HHH000424: Disabling contextual LOB creation as createClob() method threw error : java.lang.reflect.InvocationTargetException
2018-12-09 12:54:44 INFO  BasicTypeRegistry:147 - HHH000270: Type registration [java.util.UUID] overrides previous : org.hibernate.type.UUIDBinaryType@62435e70
2018-12-09 12:54:45 INFO  Version:17 - HV000001: Hibernate Validator 5.2.0.Final
2018-12-09 12:54:46 INFO  SchemaCreatorImpl:481 - HHH000476: Executing import script 'org.hibernate.tool.schema.internal.exec.ScriptSourceInputNonExistentImpl@747d1932'
2018-12-09 12:54:46 INFO  QueryTranslatorFactoryInitiator:47 - HHH000397: Using ASTQueryTranslatorFactory
2018-12-09 12:54:46 INFO  connections:235 - HHH10001008: Cleaning up connection pool [jdbc:postgresql://localhost:5432/db]
2018-12-09 13:00:22 DEBUG logging:38 - Logging Provider: org.jboss.logging.Log4jLoggerProvider
2018-12-09 13:00:22 INFO  LogHelper:31 - HHH000204: Processing PersistenceUnitInfo [
	name: hibernate-dynamic
	...]
2018-12-09 13:00:22 INFO  Version:37 - HHH000412: Hibernate Core {5.2.0.Final}
2018-12-09 13:00:22 INFO  Environment:213 - HHH000206: hibernate.properties not found
2018-12-09 13:00:22 INFO  Environment:318 - HHH000021: Bytecode provider name : javassist
2018-12-09 13:00:22 INFO  Version:66 - HCANN000001: Hibernate Commons Annotations {5.0.1.Final}
2018-12-09 13:00:22 WARN  connections:71 - HHH10001002: Using Hibernate built-in connection pool (not for production use!)
2018-12-09 13:00:23 INFO  connections:127 - HHH10001005: using driver [org.postgresql.Driver] at URL [jdbc:postgresql://localhost:5432/db]
2018-12-09 13:00:23 INFO  connections:136 - HHH10001001: Connection properties: {password=****, user=databaseuser}
2018-12-09 13:00:23 INFO  connections:141 - HHH10001003: Autocommit mode: false
2018-12-09 13:00:23 INFO  DriverManagerConnectionProviderImpl:39 - HHH000115: Hibernate connection pool size: 20 (min=1)
2018-12-09 13:00:23 INFO  Dialect:152 - HHH000400: Using dialect: org.hibernate.dialect.PostgreSQLDialect
2018-12-09 13:00:23 INFO  LobCreatorBuilderImpl:124 - HHH000424: Disabling contextual LOB creation as createClob() method threw error : java.lang.reflect.InvocationTargetException
2018-12-09 13:00:23 INFO  BasicTypeRegistry:147 - HHH000270: Type registration [java.util.UUID] overrides previous : org.hibernate.type.UUIDBinaryType@5d018107
2018-12-09 13:00:24 INFO  Version:17 - HV000001: Hibernate Validator 5.2.0.Final
2018-12-09 13:00:25 INFO  SchemaCreatorImpl:481 - HHH000476: Executing import script 'org.hibernate.tool.schema.internal.exec.ScriptSourceInputNonExistentImpl@351f2244'
2018-12-09 13:00:25 INFO  QueryTranslatorFactoryInitiator:47 - HHH000397: Using ASTQueryTranslatorFactory
2018-12-09 13:00:25 INFO  connections:235 - HHH10001008: Cleaning up connection pool [jdbc:postgresql://localhost:5432/db]
2018-12-09 13:02:37 DEBUG logging:38 - Logging Provider: org.jboss.logging.Log4jLoggerProvider
2018-12-09 13:02:37 INFO  LogHelper:31 - HHH000204: Processing PersistenceUnitInfo [
	name: hibernate-dynamic
	...]
2018-12-09 13:02:37 INFO  Version:37 - HHH000412: Hibernate Core {5.2.0.Final}
2018-12-09 13:02:37 INFO  Environment:213 - HHH000206: hibernate.properties not found
2018-12-09 13:02:37 INFO  Environment:318 - HHH000021: Bytecode provider name : javassist
2018-12-09 13:02:38 INFO  Version:66 - HCANN000001: Hibernate Commons Annotations {5.0.1.Final}
2018-12-09 13:02:38 WARN  connections:71 - HHH10001002: Using Hibernate built-in connection pool (not for production use!)
2018-12-09 13:02:38 INFO  connections:127 - HHH10001005: using driver [org.postgresql.Driver] at URL [jdbc:postgresql://localhost:5432/db]
2018-12-09 13:02:38 INFO  connections:136 - HHH10001001: Connection properties: {password=****, user=databaseuser}
2018-12-09 13:02:38 INFO  connections:141 - HHH10001003: Autocommit mode: false
2018-12-09 13:02:38 INFO  DriverManagerConnectionProviderImpl:39 - HHH000115: Hibernate connection pool size: 20 (min=1)
2018-12-09 13:02:38 INFO  Dialect:152 - HHH000400: Using dialect: org.hibernate.dialect.PostgreSQLDialect
2018-12-09 13:02:38 INFO  LobCreatorBuilderImpl:124 - HHH000424: Disabling contextual LOB creation as createClob() method threw error : java.lang.reflect.InvocationTargetException
2018-12-09 13:02:38 INFO  BasicTypeRegistry:147 - HHH000270: Type registration [java.util.UUID] overrides previous : org.hibernate.type.UUIDBinaryType@38be305c
2018-12-09 13:02:39 INFO  Version:17 - HV000001: Hibernate Validator 5.2.0.Final
2018-12-09 13:02:41 INFO  SchemaCreatorImpl:481 - HHH000476: Executing import script 'org.hibernate.tool.schema.internal.exec.ScriptSourceInputNonExistentImpl@43da41e'
2018-12-09 13:02:41 INFO  QueryTranslatorFactoryInitiator:47 - HHH000397: Using ASTQueryTranslatorFactory
2018-12-09 13:02:41 INFO  connections:235 - HHH10001008: Cleaning up connection pool [jdbc:postgresql://localhost:5432/db]
2018-12-09 13:03:16 DEBUG logging:38 - Logging Provider: org.jboss.logging.Log4jLoggerProvider
2018-12-09 13:03:17 INFO  LogHelper:31 - HHH000204: Processing PersistenceUnitInfo [
	name: hibernate-dynamic
	...]
2018-12-09 13:03:17 INFO  Version:37 - HHH000412: Hibernate Core {5.2.0.Final}
2018-12-09 13:03:17 INFO  Environment:213 - HHH000206: hibernate.properties not found
2018-12-09 13:03:17 INFO  Environment:318 - HHH000021: Bytecode provider name : javassist
2018-12-09 13:03:17 INFO  Version:66 - HCANN000001: Hibernate Commons Annotations {5.0.1.Final}
2018-12-09 13:03:17 WARN  connections:71 - HHH10001002: Using Hibernate built-in connection pool (not for production use!)
2018-12-09 13:03:17 INFO  connections:127 - HHH10001005: using driver [org.postgresql.Driver] at URL [jdbc:postgresql://localhost:5432/db]
2018-12-09 13:03:17 INFO  connections:136 - HHH10001001: Connection properties: {password=****, user=databaseuser}
2018-12-09 13:03:17 INFO  connections:141 - HHH10001003: Autocommit mode: false
2018-12-09 13:03:17 INFO  DriverManagerConnectionProviderImpl:39 - HHH000115: Hibernate connection pool size: 20 (min=1)
2018-12-09 13:03:17 INFO  Dialect:152 - HHH000400: Using dialect: org.hibernate.dialect.PostgreSQLDialect
2018-12-09 13:03:18 INFO  LobCreatorBuilderImpl:124 - HHH000424: Disabling contextual LOB creation as createClob() method threw error : java.lang.reflect.InvocationTargetException
2018-12-09 13:03:18 INFO  BasicTypeRegistry:147 - HHH000270: Type registration [java.util.UUID] overrides previous : org.hibernate.type.UUIDBinaryType@38be305c
2018-12-09 13:03:18 INFO  Version:17 - HV000001: Hibernate Validator 5.2.0.Final
2018-12-09 13:03:20 INFO  SchemaCreatorImpl:481 - HHH000476: Executing import script 'org.hibernate.tool.schema.internal.exec.ScriptSourceInputNonExistentImpl@43da41e'
2018-12-09 13:03:20 INFO  QueryTranslatorFactoryInitiator:47 - HHH000397: Using ASTQueryTranslatorFactory
2018-12-09 13:03:20 INFO  connections:235 - HHH10001008: Cleaning up connection pool [jdbc:postgresql://localhost:5432/db]
2018-12-09 17:47:18 DEBUG logging:38 - Logging Provider: org.jboss.logging.Log4jLoggerProvider
2018-12-09 17:47:18 INFO  LogHelper:31 - HHH000204: Processing PersistenceUnitInfo [
	name: hibernate-dynamic
	...]
2018-12-09 17:47:18 INFO  Version:37 - HHH000412: Hibernate Core {5.2.0.Final}
2018-12-09 17:47:18 INFO  Environment:213 - HHH000206: hibernate.properties not found
2018-12-09 17:47:18 INFO  Environment:318 - HHH000021: Bytecode provider name : javassist
2018-12-09 17:47:18 INFO  Version:66 - HCANN000001: Hibernate Commons Annotations {5.0.1.Final}
2018-12-09 17:47:19 WARN  connections:71 - HHH10001002: Using Hibernate built-in connection pool (not for production use!)
2018-12-09 17:47:19 INFO  connections:127 - HHH10001005: using driver [org.postgresql.Driver] at URL [jdbc:postgresql://localhost:5432/db]
2018-12-09 17:47:19 INFO  connections:136 - HHH10001001: Connection properties: {password=****, user=databaseuser}
2018-12-09 17:47:19 INFO  connections:141 - HHH10001003: Autocommit mode: false
2018-12-09 17:47:19 INFO  DriverManagerConnectionProviderImpl:39 - HHH000115: Hibernate connection pool size: 20 (min=1)
2018-12-09 17:47:19 INFO  Dialect:152 - HHH000400: Using dialect: org.hibernate.dialect.PostgreSQLDialect
2018-12-09 17:47:19 INFO  LobCreatorBuilderImpl:124 - HHH000424: Disabling contextual LOB creation as createClob() method threw error : java.lang.reflect.InvocationTargetException
2018-12-09 17:47:19 INFO  BasicTypeRegistry:147 - HHH000270: Type registration [java.util.UUID] overrides previous : org.hibernate.type.UUIDBinaryType@54227100
2018-12-09 17:47:20 INFO  Version:17 - HV000001: Hibernate Validator 5.2.0.Final
2018-12-09 17:47:21 INFO  SchemaCreatorImpl:481 - HHH000476: Executing import script 'org.hibernate.tool.schema.internal.exec.ScriptSourceInputNonExistentImpl@4d0753c9'
2018-12-09 17:47:21 INFO  QueryTranslatorFactoryInitiator:47 - HHH000397: Using ASTQueryTranslatorFactory
2018-12-09 17:47:21 INFO  connections:235 - HHH10001008: Cleaning up connection pool [jdbc:postgresql://localhost:5432/db]
2018-12-09 17:48:22 DEBUG logging:38 - Logging Provider: org.jboss.logging.Log4jLoggerProvider
2018-12-09 17:48:23 INFO  LogHelper:31 - HHH000204: Processing PersistenceUnitInfo [
	name: hibernate-dynamic
	...]
2018-12-09 17:48:23 INFO  Version:37 - HHH000412: Hibernate Core {5.2.0.Final}
2018-12-09 17:48:23 INFO  Environment:213 - HHH000206: hibernate.properties not found
2018-12-09 17:48:23 INFO  Environment:318 - HHH000021: Bytecode provider name : javassist
2018-12-09 17:48:23 INFO  Version:66 - HCANN000001: Hibernate Commons Annotations {5.0.1.Final}
2018-12-09 17:48:23 WARN  connections:71 - HHH10001002: Using Hibernate built-in connection pool (not for production use!)
2018-12-09 17:48:23 INFO  connections:127 - HHH10001005: using driver [org.postgresql.Driver] at URL [jdbc:postgresql://localhost:5432/db]
2018-12-09 17:48:23 INFO  connections:136 - HHH10001001: Connection properties: {password=****, user=databaseuser}
2018-12-09 17:48:23 INFO  connections:141 - HHH10001003: Autocommit mode: false
2018-12-09 17:48:23 INFO  DriverManagerConnectionProviderImpl:39 - HHH000115: Hibernate connection pool size: 20 (min=1)
2018-12-09 17:48:23 INFO  Dialect:152 - HHH000400: Using dialect: org.hibernate.dialect.PostgreSQLDialect
2018-12-09 17:48:24 INFO  LobCreatorBuilderImpl:124 - HHH000424: Disabling contextual LOB creation as createClob() method threw error : java.lang.reflect.InvocationTargetException
2018-12-09 17:48:24 INFO  BasicTypeRegistry:147 - HHH000270: Type registration [java.util.UUID] overrides previous : org.hibernate.type.UUIDBinaryType@47404bea
2018-12-09 17:48:24 INFO  Version:17 - HV000001: Hibernate Validator 5.2.0.Final
2018-12-09 17:48:25 INFO  SchemaCreatorImpl:481 - HHH000476: Executing import script 'org.hibernate.tool.schema.internal.exec.ScriptSourceInputNonExistentImpl@3cf7298d'
2018-12-09 17:48:26 INFO  QueryTranslatorFactoryInitiator:47 - HHH000397: Using ASTQueryTranslatorFactory
2018-12-09 17:48:26 INFO  connections:235 - HHH10001008: Cleaning up connection pool [jdbc:postgresql://localhost:5432/db]
2018-12-09 17:49:37 DEBUG logging:38 - Logging Provider: org.jboss.logging.Log4jLoggerProvider
2018-12-09 17:49:37 INFO  LogHelper:31 - HHH000204: Processing PersistenceUnitInfo [
	name: hibernate-dynamic
	...]
2018-12-09 17:49:38 INFO  Version:37 - HHH000412: Hibernate Core {5.2.0.Final}
2018-12-09 17:49:38 INFO  Environment:213 - HHH000206: hibernate.properties not found
2018-12-09 17:49:38 INFO  Environment:318 - HHH000021: Bytecode provider name : javassist
2018-12-09 17:49:38 INFO  Version:66 - HCANN000001: Hibernate Commons Annotations {5.0.1.Final}
2018-12-09 17:49:38 WARN  connections:71 - HHH10001002: Using Hibernate built-in connection pool (not for production use!)
2018-12-09 17:49:38 INFO  connections:127 - HHH10001005: using driver [org.postgresql.Driver] at URL [jdbc:postgresql://localhost:5432/db]
2018-12-09 17:49:38 INFO  connections:136 - HHH10001001: Connection properties: {password=****, user=databaseuser}
2018-12-09 17:49:38 INFO  connections:141 - HHH10001003: Autocommit mode: false
2018-12-09 17:49:38 INFO  DriverManagerConnectionProviderImpl:39 - HHH000115: Hibernate connection pool size: 20 (min=1)
2018-12-09 17:49:38 INFO  Dialect:152 - HHH000400: Using dialect: org.hibernate.dialect.PostgreSQLDialect
2018-12-09 17:49:39 INFO  LobCreatorBuilderImpl:124 - HHH000424: Disabling contextual LOB creation as createClob() method threw error : java.lang.reflect.InvocationTargetException
2018-12-09 17:49:39 INFO  BasicTypeRegistry:147 - HHH000270: Type registration [java.util.UUID] overrides previous : org.hibernate.type.UUIDBinaryType@47404bea
2018-12-09 17:49:39 INFO  Version:17 - HV000001: Hibernate Validator 5.2.0.Final
2018-12-09 17:49:40 INFO  SchemaCreatorImpl:481 - HHH000476: Executing import script 'org.hibernate.tool.schema.internal.exec.ScriptSourceInputNonExistentImpl@3cf7298d'
2018-12-09 17:49:41 INFO  QueryTranslatorFactoryInitiator:47 - HHH000397: Using ASTQueryTranslatorFactory
2018-12-09 17:49:41 INFO  connections:235 - HHH10001008: Cleaning up connection pool [jdbc:postgresql://localhost:5432/db]
2018-12-09 17:50:54 DEBUG logging:38 - Logging Provider: org.jboss.logging.Log4jLoggerProvider
2018-12-09 17:50:54 INFO  LogHelper:31 - HHH000204: Processing PersistenceUnitInfo [
	name: hibernate-dynamic
	...]
2018-12-09 17:50:54 INFO  Version:37 - HHH000412: Hibernate Core {5.2.0.Final}
2018-12-09 17:50:54 INFO  Environment:213 - HHH000206: hibernate.properties not found
2018-12-09 17:50:54 INFO  Environment:318 - HHH000021: Bytecode provider name : javassist
2018-12-09 17:50:54 INFO  Version:66 - HCANN000001: Hibernate Commons Annotations {5.0.1.Final}
2018-12-09 17:50:55 WARN  connections:71 - HHH10001002: Using Hibernate built-in connection pool (not for production use!)
2018-12-09 17:50:55 INFO  connections:127 - HHH10001005: using driver [org.postgresql.Driver] at URL [jdbc:postgresql://localhost:5432/db]
2018-12-09 17:50:55 INFO  connections:136 - HHH10001001: Connection properties: {password=****, user=databaseuser}
2018-12-09 17:50:55 INFO  connections:141 - HHH10001003: Autocommit mode: false
2018-12-09 17:50:55 INFO  DriverManagerConnectionProviderImpl:39 - HHH000115: Hibernate connection pool size: 20 (min=1)
2018-12-09 17:50:55 INFO  Dialect:152 - HHH000400: Using dialect: org.hibernate.dialect.PostgreSQLDialect
2018-12-09 17:50:55 INFO  LobCreatorBuilderImpl:124 - HHH000424: Disabling contextual LOB creation as createClob() method threw error : java.lang.reflect.InvocationTargetException
2018-12-09 17:50:55 INFO  BasicTypeRegistry:147 - HHH000270: Type registration [java.util.UUID] overrides previous : org.hibernate.type.UUIDBinaryType@5d018107
2018-12-09 17:50:56 INFO  Version:17 - HV000001: Hibernate Validator 5.2.0.Final
2018-12-09 17:50:57 INFO  SchemaCreatorImpl:481 - HHH000476: Executing import script 'org.hibernate.tool.schema.internal.exec.ScriptSourceInputNonExistentImpl@351f2244'
2018-12-09 17:50:57 INFO  QueryTranslatorFactoryInitiator:47 - HHH000397: Using ASTQueryTranslatorFactory
2018-12-09 17:50:58 INFO  connections:235 - HHH10001008: Cleaning up connection pool [jdbc:postgresql://localhost:5432/db]
2018-12-09 17:55:54 DEBUG logging:38 - Logging Provider: org.jboss.logging.Log4jLoggerProvider
2018-12-09 17:55:54 INFO  LogHelper:31 - HHH000204: Processing PersistenceUnitInfo [
	name: hibernate-dynamic
	...]
2018-12-09 17:55:55 INFO  Version:37 - HHH000412: Hibernate Core {5.2.0.Final}
2018-12-09 17:55:55 INFO  Environment:213 - HHH000206: hibernate.properties not found
2018-12-09 17:55:55 INFO  Environment:318 - HHH000021: Bytecode provider name : javassist
2018-12-09 17:55:55 INFO  Version:66 - HCANN000001: Hibernate Commons Annotations {5.0.1.Final}
2018-12-09 17:55:55 WARN  connections:71 - HHH10001002: Using Hibernate built-in connection pool (not for production use!)
2018-12-09 17:55:55 INFO  connections:127 - HHH10001005: using driver [org.postgresql.Driver] at URL [jdbc:postgresql://localhost:5432/db]
2018-12-09 17:55:55 INFO  connections:136 - HHH10001001: Connection properties: {password=****, user=databaseuser}
2018-12-09 17:55:55 INFO  connections:141 - HHH10001003: Autocommit mode: false
2018-12-09 17:55:55 INFO  DriverManagerConnectionProviderImpl:39 - HHH000115: Hibernate connection pool size: 20 (min=1)
2018-12-09 17:55:55 INFO  Dialect:152 - HHH000400: Using dialect: org.hibernate.dialect.PostgreSQLDialect
2018-12-09 17:55:55 INFO  LobCreatorBuilderImpl:124 - HHH000424: Disabling contextual LOB creation as createClob() method threw error : java.lang.reflect.InvocationTargetException
2018-12-09 17:55:55 INFO  BasicTypeRegistry:147 - HHH000270: Type registration [java.util.UUID] overrides previous : org.hibernate.type.UUIDBinaryType@6cbcf243
2018-12-09 17:55:56 INFO  Version:17 - HV000001: Hibernate Validator 5.2.0.Final
2018-12-09 17:55:57 INFO  SchemaCreatorImpl:481 - HHH000476: Executing import script 'org.hibernate.tool.schema.internal.exec.ScriptSourceInputNonExistentImpl@5496c165'
2018-12-09 17:55:57 INFO  QueryTranslatorFactoryInitiator:47 - HHH000397: Using ASTQueryTranslatorFactory
2018-12-09 17:55:58 INFO  connections:235 - HHH10001008: Cleaning up connection pool [jdbc:postgresql://localhost:5432/db]
2018-12-09 18:00:21 DEBUG logging:38 - Logging Provider: org.jboss.logging.Log4jLoggerProvider
2018-12-09 18:00:22 INFO  LogHelper:31 - HHH000204: Processing PersistenceUnitInfo [
	name: hibernate-dynamic
	...]
2018-12-09 18:00:22 INFO  Version:37 - HHH000412: Hibernate Core {5.2.0.Final}
2018-12-09 18:00:22 INFO  Environment:213 - HHH000206: hibernate.properties not found
2018-12-09 18:00:22 INFO  Environment:318 - HHH000021: Bytecode provider name : javassist
2018-12-09 18:00:22 INFO  Version:66 - HCANN000001: Hibernate Commons Annotations {5.0.1.Final}
2018-12-09 18:00:22 WARN  connections:71 - HHH10001002: Using Hibernate built-in connection pool (not for production use!)
2018-12-09 18:00:22 INFO  connections:127 - HHH10001005: using driver [org.postgresql.Driver] at URL [jdbc:postgresql://localhost:5432/db]
2018-12-09 18:00:22 INFO  connections:136 - HHH10001001: Connection properties: {password=****, user=databaseuser}
2018-12-09 18:00:22 INFO  connections:141 - HHH10001003: Autocommit mode: false
2018-12-09 18:00:22 INFO  DriverManagerConnectionProviderImpl:39 - HHH000115: Hibernate connection pool size: 20 (min=1)
2018-12-09 18:00:22 INFO  Dialect:152 - HHH000400: Using dialect: org.hibernate.dialect.PostgreSQLDialect
2018-12-09 18:00:23 INFO  LobCreatorBuilderImpl:124 - HHH000424: Disabling contextual LOB creation as createClob() method threw error : java.lang.reflect.InvocationTargetException
2018-12-09 18:00:23 INFO  BasicTypeRegistry:147 - HHH000270: Type registration [java.util.UUID] overrides previous : org.hibernate.type.UUIDBinaryType@15c25153
2018-12-09 18:00:23 INFO  Version:17 - HV000001: Hibernate Validator 5.2.0.Final
2018-12-09 18:00:24 INFO  SchemaCreatorImpl:481 - HHH000476: Executing import script 'org.hibernate.tool.schema.internal.exec.ScriptSourceInputNonExistentImpl@58b71ceb'
2018-12-09 18:00:25 INFO  QueryTranslatorFactoryInitiator:47 - HHH000397: Using ASTQueryTranslatorFactory
2018-12-09 18:00:25 INFO  connections:235 - HHH10001008: Cleaning up connection pool [jdbc:postgresql://localhost:5432/db]
2018-12-09 18:00:49 DEBUG logging:38 - Logging Provider: org.jboss.logging.Log4jLoggerProvider
2018-12-09 18:00:50 INFO  LogHelper:31 - HHH000204: Processing PersistenceUnitInfo [
	name: hibernate-dynamic
	...]
2018-12-09 18:00:50 INFO  Version:37 - HHH000412: Hibernate Core {5.2.0.Final}
2018-12-09 18:00:50 INFO  Environment:213 - HHH000206: hibernate.properties not found
2018-12-09 18:00:50 INFO  Environment:318 - HHH000021: Bytecode provider name : javassist
2018-12-09 18:00:50 INFO  Version:66 - HCANN000001: Hibernate Commons Annotations {5.0.1.Final}
2018-12-09 18:00:51 WARN  connections:71 - HHH10001002: Using Hibernate built-in connection pool (not for production use!)
2018-12-09 18:00:51 INFO  connections:127 - HHH10001005: using driver [org.postgresql.Driver] at URL [jdbc:postgresql://localhost:5432/db]
2018-12-09 18:00:51 INFO  connections:136 - HHH10001001: Connection properties: {password=****, user=databaseuser}
2018-12-09 18:00:51 INFO  connections:141 - HHH10001003: Autocommit mode: false
2018-12-09 18:00:51 INFO  DriverManagerConnectionProviderImpl:39 - HHH000115: Hibernate connection pool size: 20 (min=1)
2018-12-09 18:00:51 INFO  Dialect:152 - HHH000400: Using dialect: org.hibernate.dialect.PostgreSQLDialect
2018-12-09 18:00:51 INFO  LobCreatorBuilderImpl:124 - HHH000424: Disabling contextual LOB creation as createClob() method threw error : java.lang.reflect.InvocationTargetException
2018-12-09 18:00:51 INFO  BasicTypeRegistry:147 - HHH000270: Type registration [java.util.UUID] overrides previous : org.hibernate.type.UUIDBinaryType@269f4bad
2018-12-09 18:00:53 INFO  Version:17 - HV000001: Hibernate Validator 5.2.0.Final
2018-12-09 18:00:54 INFO  SchemaCreatorImpl:481 - HHH000476: Executing import script 'org.hibernate.tool.schema.internal.exec.ScriptSourceInputNonExistentImpl@148c7c4b'
2018-12-09 18:00:55 INFO  QueryTranslatorFactoryInitiator:47 - HHH000397: Using ASTQueryTranslatorFactory
2018-12-09 18:00:55 INFO  connections:235 - HHH10001008: Cleaning up connection pool [jdbc:postgresql://localhost:5432/db]
